<?xml version="1.0" encoding="utf-8"?><testsuites name="pytest tests"><testsuite name="pytest" errors="0" failures="0" skipped="0" tests="15" time="3.413" timestamp="2026-09-14T14:15:25.597537+03:00" hostname="DESKTOP-9DP52R4"><testcase classname="tests.test_ammeter_emulators" name="test_get_current_command_matches_config[greenlee-GreenleeAmmeter]" time="0.001" /><testcase classname="tests.test_ammeter_emulators" name="test_get_current_command_matches_config[entes-EntesAmmeter]" time="0.001" /><testcase classname="tests.test_ammeter_emulators" name="test_get_current_command_matches_config[circutor-CircutorAmmeter]" time="0.001" /><testcase classname="tests.test_ammeter_emulators" name="test_exact_command_match_returns_data[greenlee-GreenleeAmmeter]" time="1.008" /><testcase classname="tests.test_ammeter_emulators" name="test_exact_command_match_returns_data[entes-EntesAmmeter]" time="0.022" /><testcase classname="tests.test_ammeter_emulators" name="test_exact_command_match_returns_data[circutor-CircutorAmmeter]" time="0.014" /><testcase classname="tests.test_ammeter_emulators" name="test_mismatched_command_returns_no_data[greenlee-GreenleeAmmeter]" time="0.004" /><testcase classname="tests.test_ammeter_emulators" name="test_mismatched_command_returns_no_data[entes-EntesAmmeter]" time="0.003" /><testcase classname="tests.test_ammeter_emulators" name="test_mismatched_command_returns_no_data[circutor-CircutorAmmeter]" time="0.020" /><testcase classname="tests.test_client" name="test_client_receives_real_measurement" time="0.003" /><testcase classname="tests.test_client" name="test_client_reports_no_data_on_mismatched_command" time="0.003" /><testcase classname="tests.test_test_framework" name="test_run_test_end_to_end_per_ammeter[greenlee]" time="0.182" /><testcase classname="tests.test_test_framework" name="test_run_test_end_to_end_per_ammeter[entes]" time="0.170" /><testcase classname="tests.test_test_framework" name="test_run_test_end_to_end_per_ammeter[circutor]" time="0.155" /><testcase classname="tests.test_test_framework" name="test_run_test_unknown_ammeter_raises_value_error" time="0.024" /></testsuite></testsuites>